core file size          (blocks, -c) 0
data seg size           (kbytes, -d) unlimited
scheduling priority             (-e) 0
file size               (blocks, -f) unlimited
pending signals                 (-i) 63384
max locked memory       (kbytes, -l) 65536
max memory size         (kbytes, -m) unlimited
open files                      (-n) 1024
pipe size            (512 bytes, -p) 8
POSIX message queues     (bytes, -q) 819200
real-time priority              (-r) 0
stack size              (kbytes, -s) 8192
cpu time               (seconds, -t) unlimited
max user processes              (-u) 63384
virtual memory          (kbytes, -v) unlimited
file locks                      (-x) unlimited
Oct 22, 2022 5:38:30 AM com.sun.jersey.guice.spi.container.GuiceComponentProviderFactory register
INFO: Registering org.apache.hadoop.mapreduce.v2.hs.webapp.HsWebServices as a root resource class
Oct 22, 2022 5:38:30 AM com.sun.jersey.guice.spi.container.GuiceComponentProviderFactory register
INFO: Registering org.apache.hadoop.mapreduce.v2.hs.webapp.JAXBContextResolver as a provider class
Oct 22, 2022 5:38:30 AM com.sun.jersey.guice.spi.container.GuiceComponentProviderFactory register
INFO: Registering org.apache.hadoop.yarn.webapp.GenericExceptionHandler as a provider class
Oct 22, 2022 5:38:30 AM com.sun.jersey.server.impl.application.WebApplicationImpl _initiate
INFO: Initiating Jersey application, version 'Jersey: 1.19 02/11/2015 03:25 AM'
Oct 22, 2022 5:38:30 AM com.sun.jersey.guice.spi.container.GuiceComponentProviderFactory getComponentProvider
INFO: Binding org.apache.hadoop.mapreduce.v2.hs.webapp.JAXBContextResolver to GuiceManagedComponentProvider with the scope "Singleton"
Oct 22, 2022 5:38:30 AM com.sun.jersey.guice.spi.container.GuiceComponentProviderFactory getComponentProvider
INFO: Binding org.apache.hadoop.yarn.webapp.GenericExceptionHandler to GuiceManagedComponentProvider with the scope "Singleton"
Oct 22, 2022 5:38:31 AM com.sun.jersey.guice.spi.container.GuiceComponentProviderFactory getComponentProvider
INFO: Binding org.apache.hadoop.mapreduce.v2.hs.webapp.HsWebServices to GuiceManagedComponentProvider with the scope "PerRequest"
